0 info it worked if it ends with ok
1 verbose cli [ '/usr/bin/nodejs',
1 verbose cli   '/usr/bin/npm',
1 verbose cli   'link',
1 verbose cli   '/home/administrator/Goutham/Projects/module_test' ]
2 info using npm@3.5.2
3 info using node@v4.2.6
4 verbose linkPkg /home/administrator/Goutham/Projects/module_test
5 verbose stack Error: ENOENT: no such file or directory, open '/home/administrator/Goutham/Projects/module_test/package.json'
5 verbose stack     at Error (native)
6 verbose cwd /home/administrator/Goutham/Projects/master_component
7 error Linux 4.4.0-36-generic
8 error argv "/usr/bin/nodejs" "/usr/bin/npm" "link" "/home/administrator/Goutham/Projects/module_test"
9 error node v4.2.6
10 error npm  v3.5.2
11 error path /home/administrator/Goutham/Projects/module_test/package.json
12 error code ENOENT
13 error errno -2
14 error syscall open
15 error enoent ENOENT: no such file or directory, open '/home/administrator/Goutham/Projects/module_test/package.json'
16 error enoent ENOENT: no such file or directory, open '/home/administrator/Goutham/Projects/module_test/package.json'
16 error enoent This is most likely not a problem with npm itself
16 error enoent and is related to npm not being able to find a file.
17 verbose exit [ -2, true ]
